# JRE version: OpenJDK Runtime Environment (17.0.6) (build 17.0.6+0-b2043.56-10027231)
# Java VM: OpenJDK 64-Bit Server VM (17.0.6+0-b2043.56-10027231, mixed mode, tiered, compressed oops, compressed class ptrs, g1 gc, windows-amd64)
GC Precious Log:
 CPUs: 12 total, 12 available
 Memory: 7514M
 Large Page Support: Disabled
 NUMA Support: Disabled
 Compressed Oops: Enabled (32-bit)
 Heap Region Size: 1M
 Heap Min Capacity: 8M
 Heap Initial Capacity: 118M
 Heap Max Capacity: 2G
 Pre-touch: Disabled
 Parallel Workers: 10
 Concurrent Workers: 3
 Concurrent Refinement Workers: 10
 Periodic GC: Disabled
Heap:
 garbage-first heap   total 324608K, used 130268K [0x0000000080000000, 0x0000000100000000)
  region size 1024K, 10 young (10240K), 10 survivors (10240K)
 Metaspace       used 129003K, committed 130432K, reserved 1163264K
  class space    used 17627K, committed 18304K, reserved 1048576K
GC Heap History (20 events):
Event: 6119.697 GC heap after
{Heap after GC invocations=64 (full 1):
 garbage-first heap   total 324608K, used 97990K [0x0000000080000000, 0x0000000100000000)
  region size 1024K, 2 young (2048K), 2 survivors (2048K)
 Metaspace       used 125470K, committed 126528K, reserved 1163264K
  class space    used 17324K, committed 17856K, reserved 1048576K
}
Event: 6206.793 GC heap before
{Heap before GC invocations=64 (full 1):
 garbage-first heap   total 324608K, used 237254K [0x0000000080000000, 0x0000000100000000)
  region size 1024K, 139 young (142336K), 2 survivors (2048K)
 Metaspace       used 125954K, committed 126976K, reserved 1163264K
  class space    used 17331K, committed 17856K, reserved 1048576K
}
Event: 6206.811 GC heap after
{Heap after GC invocations=65 (full 1):
 garbage-first heap   total 324608K, used 112106K [0x0000000080000000, 0x0000000100000000)
  region size 1024K, 16 young (16384K), 16 survivors (16384K)
 Metaspace       used 125954K, committed 126976K, reserved 1163264K
  class space    used 17331K, committed 17856K, reserved 1048576K
}
Event: 6551.118 GC heap before
{Heap before GC invocations=66 (full 1):
 garbage-first heap   total 324608K, used 275946K [0x0000000080000000, 0x0000000100000000)
  region size 1024K, 157 young (160768K), 16 survivors (16384K)
 Metaspace       used 127146K, committed 128448K, reserved 1163264K
  class space    used 17527K, committed 18112K, reserved 1048576K
}
Event: 6551.264 GC heap after
{Heap after GC invocations=67 (full 1):
 garbage-first heap   total 324608K, used 114787K [0x0000000080000000, 0x0000000100000000)
  region size 1024K, 5 young (5120K), 5 survivors (5120K)
 Metaspace       used 127146K, committed 128448K, reserved 1163264K
  class space    used 17527K, committed 18112K, reserved 1048576K
}
Event: 6551.414 GC heap before
{Heap before GC invocations=67 (full 1):
 garbage-first heap   total 324608K, used 124003K [0x0000000080000000, 0x0000000100000000)
  region size 1024K, 15 young (15360K), 5 survivors (5120K)
 Metaspace       used 127158K, committed 128448K, reserved 1163264K
  class space    used 17527K, committed 18112K, reserved 1048576K
}
Event: 6551.431 GC heap after
{Heap after GC invocations=68 (full 1):
 garbage-first heap   total 324608K, used 113988K [0x0000000080000000, 0x0000000100000000)
  region size 1024K, 2 young (2048K), 2 survivors (2048K)
 Metaspace       used 127158K, committed 128448K, reserved 1163264K
  class space    used 17527K, committed 18112K, reserved 1048576K
}
Event: 6554.096 GC heap before
{Heap before GC invocations=68 (full 1):
 garbage-first heap   total 324608K, used 182596K [0x0000000080000000, 0x0000000100000000)
  region size 1024K, 71 young (72704K), 2 survivors (2048K)
 Metaspace       used 127416K, committed 128704K, reserved 1163264K
  class space    used 17527K, committed 18112K, reserved 1048576K
}
Event: 6554.123 GC heap after
{Heap after GC invocations=69 (full 1):
 garbage-first heap   total 324608K, used 121386K [0x0000000080000000, 0x0000000100000000)
  region size 1024K, 9 young (9216K), 9 survivors (9216K)
 Metaspace       used 127416K, committed 128704K, reserved 1163264K
  class space    used 17527K, committed 18112K, reserved 1048576K
}
Event: 6750.046 GC heap before
{Heap before GC invocations=70 (full 1):
 garbage-first heap   total 324608K, used 277034K [0x0000000080000000, 0x0000000100000000)
  region size 1024K, 146 young (149504K), 9 survivors (9216K)
 Metaspace       used 128287K, committed 129792K, reserved 1163264K
  class space    used 17624K, committed 18304K, reserved 1048576K
}
Event: 6750.126 GC heap after
{Heap after GC invocations=71 (full 1):
 garbage-first heap   total 324608K, used 119140K [0x0000000080000000, 0x0000000100000000)
  region size 1024K, 11 young (11264K), 11 survivors (11264K)
 Metaspace       used 128287K, committed 129792K, reserved 1163264K
  class space    used 17624K, committed 18304K, reserved 1048576K
}
Event: 6750.197 GC heap before
{Heap before GC invocations=71 (full 1):
 garbage-first heap   total 324608K, used 123236K [0x0000000080000000, 0x0000000100000000)
  region size 1024K, 15 young (15360K), 11 survivors (11264K)
 Metaspace       used 128287K, committed 129792K, reserved 1163264K
  class space    used 17624K, committed 18304K, reserved 1048576K
}
Event: 6750.286 GC heap after
{Heap after GC invocations=72 (full 1):
 garbage-first heap   total 324608K, used 115803K [0x0000000080000000, 0x0000000100000000)
  region size 1024K, 2 young (2048K), 2 survivors (2048K)
 Metaspace       used 128287K, committed 129792K, reserved 1163264K
  class space    used 17624K, committed 18304K, reserved 1048576K
}
Event: 6773.228 GC heap before
{Heap before GC invocations=72 (full 1):
 garbage-first heap   total 324608K, used 263259K [0x0000000080000000, 0x0000000100000000)
  region size 1024K, 147 young (150528K), 2 survivors (2048K)
 Metaspace       used 128540K, committed 129984K, reserved 1163264K
  class space    used 17626K, committed 18304K, reserved 1048576K
}
Event: 6773.260 GC heap after
{Heap after GC invocations=73 (full 1):
 garbage-first heap   total 324608K, used 130927K [0x0000000080000000, 0x0000000100000000)
  region size 1024K, 17 young (17408K), 17 survivors (17408K)
 Metaspace       used 128540K, committed 129984K, reserved 1163264K
  class space    used 17626K, committed 18304K, reserved 1048576K
}
Event: 6866.889 GC heap before
{Heap before GC invocations=74 (full 1):
 garbage-first heap   total 324608K, used 267119K [0x0000000080000000, 0x0000000100000000)
  region size 1024K, 142 young (145408K), 17 survivors (17408K)
 Metaspace       used 128816K, committed 130240K, reserved 1163264K
  class space    used 17627K, committed 18304K, reserved 1048576K
}
Event: 6866.925 GC heap after
{Heap after GC invocations=75 (full 1):
 garbage-first heap   total 324608K, used 131294K [0x0000000080000000, 0x0000000100000000)
  region size 1024K, 4 young (4096K), 4 survivors (4096K)
 Metaspace       used 128816K, committed 130240K, reserved 1163264K
  class space    used 17627K, committed 18304K, reserved 1048576K
}
Event: 6867.051 GC heap before
{Heap before GC invocations=75 (full 1):
 garbage-first heap   total 324608K, used 141534K [0x0000000080000000, 0x0000000100000000)
  region size 1024K, 15 young (15360K), 4 survivors (4096K)
 Metaspace       used 128819K, committed 130240K, reserved 1163264K
  class space    used 17627K, committed 18304K, reserved 1048576K
}
Event: 6867.057 GC heap after
{Heap after GC invocations=76 (full 1):
 garbage-first heap   total 324608K, used 122086K [0x0000000080000000, 0x0000000100000000)
  region size 1024K, 2 young (2048K), 2 survivors (2048K)
 Metaspace       used 128819K, committed 130240K, reserved 1163264K
  class space    used 17627K, committed 18304K, reserved 1048576K
}
Event: 6869.221 GC heap before
{Heap before GC invocations=76 (full 1):
 garbage-first heap   total 324608K, used 194790K [0x0000000080000000, 0x0000000100000000)
  region size 1024K, 75 young (76800K), 2 survivors (2048K)
 Metaspace       used 129003K, committed 130432K, reserved 1163264K
  class space    used 17627K, committed 18304K, reserved 1048576K
}

